<?xml version="1.0" encoding="UTF-8"?>
<testng-results ignored="0" total="1" passed="1" failed="0" skipped="0">
  <reporter-output>
  </reporter-output>
  <suite started-at="2024-04-04T04:35:52 EDT" name="Surefire suite" finished-at="2024-04-04T04:35:52 EDT" duration-ms="109">
    <groups>
    </groups>
    <test started-at="2024-04-04T04:35:52 EDT" name="Surefire test" finished-at="2024-04-04T04:35:52 EDT" duration-ms="109">
      <class name="POMproject.WebsiteTestingMay2023.AppTest">
        <test-method signature="shouldAnswerWithTrue()" started-at="2024-04-04T04:35:52 EDT" name="shouldAnswerWithTrue" finished-at="2024-04-04T04:35:52 EDT" duration-ms="16" status="PASS">
          <reporter-output>
          </reporter-output>
        </test-method> <!-- shouldAnswerWithTrue -->
      </class> <!-- POMproject.WebsiteTestingMay2023.AppTest -->
    </test> <!-- Surefire test -->
  </suite> <!-- Surefire suite -->
</testng-results>
