<?xml version="1.0" encoding="UTF-8"?>
<!-- Generated by org.testng.reporters.JUnitXMLReporter -->
<testsuite ignored="0" hostname="LAPTOP-9U986QKD" failures="0" tests="3" name="ErrorValTest" time="32.763" errors="0" timestamp="2024-04-05T01:13:42 EDT">
  <testcase classname="POMproject.WebsiteTestingMay2023.ErrorValidationTest" name="producterrorvalidation" time="6.385"/>
  <testcase classname="POMproject.WebsiteTestingMay2023.ErrorValidationTest" name="validateerrorcode" time="1.714"/>
  <testcase classname="POMproject.WebsiteTestingMay2023.ErrorValidationTest" name="validateerrorcode" time="1.716"/>
</testsuite> <!-- ErrorValTest -->
