<?xml version="1.0" encoding="UTF-8"?>
<testng-results ignored="0" total="3" passed="3" failed="0" skipped="0">
  <reporter-output>
  </reporter-output>
  <suite started-at="2024-04-05T01:13:08 EDT" name="Suite" finished-at="2024-04-05T01:13:41 EDT" duration-ms="32763">
    <groups>
    </groups>
    <test started-at="2024-04-05T01:13:08 EDT" name="ErrorValTest" finished-at="2024-04-05T01:13:41 EDT" duration-ms="32763">
      <class name="POMproject.WebsiteTestingMay2023.ErrorValidationTest">
        <test-method is-config="true" signature="launchapplication()[pri:0, instance:POMproject.WebsiteTestingMay2023.ErrorValidationTest@1ec9bd38]" started-at="2024-04-05T01:13:08 EDT" name="launchapplication" finished-at="2024-04-05T01:13:17 EDT" duration-ms="8780" status="PASS">
          <reporter-output>
          </reporter-output>
        </test-method> <!-- launchapplication -->
        <test-method signature="producterrorvalidation()[pri:0, instance:POMproject.WebsiteTestingMay2023.ErrorValidationTest@1ec9bd38]" started-at="2024-04-05T01:13:17 EDT" name="producterrorvalidation" finished-at="2024-04-05T01:13:23 EDT" duration-ms="6385" status="PASS">
          <reporter-output>
          </reporter-output>
        </test-method> <!-- producterrorvalidation -->
        <test-method is-config="true" signature="closebrowser()[pri:0, instance:POMproject.WebsiteTestingMay2023.ErrorValidationTest@1ec9bd38]" started-at="2024-04-05T01:13:23 EDT" name="closebrowser" finished-at="2024-04-05T01:13:23 EDT" duration-ms="235" status="PASS">
          <reporter-output>
          </reporter-output>
        </test-method> <!-- closebrowser -->
        <test-method is-config="true" signature="launchapplication()[pri:0, instance:POMproject.WebsiteTestingMay2023.ErrorValidationTest@1ec9bd38]" started-at="2024-04-05T01:13:23 EDT" name="launchapplication" finished-at="2024-04-05T01:13:30 EDT" duration-ms="6962" status="PASS">
          <reporter-output>
          </reporter-output>
        </test-method> <!-- launchapplication -->
        <test-method signature="validateerrorcode(java.lang.String,java.lang.String)[pri:0, instance:POMproject.WebsiteTestingMay2023.ErrorValidationTest@1ec9bd38]" started-at="2024-04-05T01:13:30 EDT" name="validateerrorcode" data-provider="getdataerror" finished-at="2024-04-05T01:13:32 EDT" duration-ms="1714" status="PASS">
          <params>
            <param index="0">
              <value>
                <![CDATA[jaibiirsingh1312@gmail.com]]>
              </value>
            </param>
            <param index="1">
              <value>
                <![CDATA[123456]]>
              </value>
            </param>
          </params>
          <reporter-output>
          </reporter-output>
        </test-method> <!-- validateerrorcode -->
        <test-method is-config="true" signature="closebrowser()[pri:0, instance:POMproject.WebsiteTestingMay2023.ErrorValidationTest@1ec9bd38]" started-at="2024-04-05T01:13:32 EDT" name="closebrowser" finished-at="2024-04-05T01:13:32 EDT" duration-ms="207" status="PASS">
          <reporter-output>
          </reporter-output>
        </test-method> <!-- closebrowser -->
        <test-method is-config="true" signature="launchapplication()[pri:0, instance:POMproject.WebsiteTestingMay2023.ErrorValidationTest@1ec9bd38]" started-at="2024-04-05T01:13:32 EDT" name="launchapplication" finished-at="2024-04-05T01:13:39 EDT" duration-ms="6467" status="PASS">
          <reporter-output>
          </reporter-output>
        </test-method> <!-- launchapplication -->
        <test-method signature="validateerrorcode(java.lang.String,java.lang.String)[pri:0, instance:POMproject.WebsiteTestingMay2023.ErrorValidationTest@1ec9bd38]" started-at="2024-04-05T01:13:39 EDT" name="validateerrorcode" data-provider="getdataerror" finished-at="2024-04-05T01:13:41 EDT" duration-ms="1716" status="PASS">
          <params>
            <param index="0">
              <value>
                <![CDATA[ajibirsingh1255@gmail.com]]>
              </value>
            </param>
            <param index="1">
              <value>
                <![CDATA[12345]]>
              </value>
            </param>
          </params>
          <reporter-output>
          </reporter-output>
        </test-method> <!-- validateerrorcode -->
        <test-method is-config="true" signature="closebrowser()[pri:0, instance:POMproject.WebsiteTestingMay2023.ErrorValidationTest@1ec9bd38]" started-at="2024-04-05T01:13:41 EDT" name="closebrowser" finished-at="2024-04-05T01:13:41 EDT" duration-ms="205" status="PASS">
          <reporter-output>
          </reporter-output>
        </test-method> <!-- closebrowser -->
      </class> <!-- POMproject.WebsiteTestingMay2023.ErrorValidationTest -->
    </test> <!-- ErrorValTest -->
  </suite> <!-- Suite -->
</testng-results>
